<?xml version="1.0" encoding="UTF-8"?>
<!-- Generated by org.testng.reporters.JUnitXMLReporter -->
<testsuite hostname="sdc" name="automation" tests="1" failures="1" timestamp="13 Feb 2017 07:37:00 GMT" time="24.117" errors="0">
  <testcase name="signIn" time="14.364" classname="com.ZhiHu.autotest.testCase.PeggyTestDemo">
    <failure type="org.openqa.selenium.support.ui.UnexpectedTagNameException" message="Element should have been &amp;quot;select&amp;quot; but was &amp;quot;div&amp;quot;
Build info: version: &amp;apos;2.52.0&amp;apos;, revision: &amp;apos;4c2593c&amp;apos;, time: &amp;apos;2016-02-11 19:03:33&amp;apos;
System info: host: &amp;apos;sdc&amp;apos;, ip: &amp;apos;172.31.161.221&amp;apos;, os.name: &amp;apos;Mac OS X&amp;apos;, os.arch: &amp;apos;x86_64&amp;apos;, os.version: &amp;apos;10.11.1&amp;apos;, java.version: &amp;apos;1.8.0_111&amp;apos;
Driver info: driver.version: unknown">
      <![CDATA[org.openqa.selenium.support.ui.UnexpectedTagNameException: Element should have been "select" but was "div"
Build info: version: '2.52.0', revision: '4c2593c', time: '2016-02-11 19:03:33'
System info: host: 'sdc', ip: '172.31.161.221', os.name: 'Mac OS X', os.arch: 'x86_64', os.version: '10.11.1', java.version: '1.8.0_111'
Driver info: driver.version: unknown
	at org.openqa.selenium.support.ui.Select.<init>(Select.java:47)
	at com.ZhiHu.autotest.pageObject.BasePageObjects.selectDropdownByValue(BasePageObjects.java:206)
	at com.ZhiHu.autotest.testCase.PeggyTestDemo.signIn(PeggyTestDemo.java:37)
... Removed 23 stack frames]]>
    </failure>
  </testcase> <!-- signIn -->
</testsuite> <!-- automation -->
